<?xml version="1.0" encoding="UTF-8"?>
<testsuite name="com.codestates.soloTodoApp.SoloTodoAppApplicationTests" tests="1" skipped="0" failures="0" errors="0" timestamp="2023-02-14T10:55:15" hostname="DESKTOP-671P8TS" time="0.313">
  <properties/>
  <testcase name="contextLoads()" classname="com.codestates.soloTodoApp.SoloTodoAppApplicationTests" time="0.313"/>
  <system-out><![CDATA[19:55:13.190 [Test worker] DEBUG org.springframework.test.context.BootstrapUtils - Instantiating CacheAwareContextLoaderDelegate from class [org.springframework.test.context.cache.DefaultCacheAwareContextLoaderDelegate]
19:55:13.198 [Test worker] DEBUG org.springframework.test.context.BootstrapUtils - Instantiating BootstrapContext using constructor [public org.springframework.test.context.support.DefaultBootstrapContext(java.lang.Class,org.springframework.test.context.CacheAwareContextLoaderDelegate)]
19:55:13.229 [Test worker] DEBUG org.springframework.test.context.BootstrapUtils - Instantiating TestContextBootstrapper for test class [com.codestates.soloTodoApp.SoloTodoAppApplicationTests] from class [org.springframework.boot.test.context.SpringBootTestContextBootstrapper]
19:55:13.239 [Test worker] INFO org.springframework.boot.test.context.SpringBootTestContextBootstrapper - Neither @ContextConfiguration nor @ContextHierarchy found for test class [com.codestates.soloTodoApp.SoloTodoAppApplicationTests], using SpringBootContextLoader
19:55:13.243 [Test worker] DEBUG org.springframework.test.context.support.AbstractContextLoader - Did not detect default resource location for test class [com.codestates.soloTodoApp.SoloTodoAppApplicationTests]: class path resource [com/codestates/soloTodoApp/SoloTodoAppApplicationTests-context.xml] does not exist
19:55:13.243 [Test worker] DEBUG org.springframework.test.context.support.AbstractContextLoader - Did not detect default resource location for test class [com.codestates.soloTodoApp.SoloTodoAppApplicationTests]: class path resource [com/codestates/soloTodoApp/SoloTodoAppApplicationTestsContext.groovy] does not exist
19:55:13.243 [Test worker] INFO org.springframework.test.context.support.AbstractContextLoader - Could not detect default resource locations for test class [com.codestates.soloTodoApp.SoloTodoAppApplicationTests]: no resource found for suffixes {-context.xml, Context.groovy}.
19:55:13.244 [Test worker] INFO org.springframework.test.context.support.AnnotationConfigContextLoaderUtils - Could not detect default configuration classes for test class [com.codestates.soloTodoApp.SoloTodoAppApplicationTests]: SoloTodoAppApplicationTests does not declare any static, non-private, non-final, nested classes annotated with @Configuration.
19:55:13.287 [Test worker] DEBUG org.springframework.test.context.support.ActiveProfilesUtils - Could not find an 'annotation declaring class' for annotation type [org.springframework.test.context.ActiveProfiles] and class [com.codestates.soloTodoApp.SoloTodoAppApplicationTests]
19:55:13.342 [Test worker] DEBUG org.springframework.context.annotation.ClassPathScanningCandidateComponentProvider - Identified candidate component class: file [D:\code\solo-todo-app\build\classes\java\main\com\codestates\soloTodoApp\SoloTodoAppApplication.class]
19:55:13.351 [Test worker] INFO org.springframework.boot.test.context.SpringBootTestContextBootstrapper - Found @SpringBootConfiguration com.codestates.soloTodoApp.SoloTodoAppApplication for test class com.codestates.soloTodoApp.SoloTodoAppApplicationTests
19:55:13.450 [Test worker] DEBUG org.springframework.boot.test.context.SpringBootTestContextBootstrapper - @TestExecutionListeners is not present for class [com.codestates.soloTodoApp.SoloTodoAppApplicationTests]: using defaults.
19:55:13.450 [Test worker] INFO org.springframework.boot.test.context.SpringBootTestContextBootstrapper - Loaded default TestExecutionListener class names from location [META-INF/spring.factories]: [org.springframework.boot.test.autoconfigure.restdocs.RestDocsTestExecutionListener, org.springframework.boot.test.autoconfigure.web.client.MockRestServiceServerResetTestExecutionListener, org.springframework.boot.test.autoconfigure.web.servlet.MockMvcPrintOnlyOnFailureTestExecutionListener, org.springframework.boot.test.autoconfigure.web.servlet.WebDriverTestExecutionListener, org.springframework.boot.test.autoconfigure.webservices.client.MockWebServiceServerTestExecutionListener, org.springframework.boot.test.mock.mockito.MockitoTestExecutionListener, org.springframework.boot.test.mock.mockito.ResetMocksTestExecutionListener, org.springframework.test.context.web.ServletTestExecutionListener, org.springframework.test.context.support.DirtiesContextBeforeModesTestExecutionListener, org.springframework.test.context.event.ApplicationEventsTestExecutionListener, org.springframework.test.context.support.DependencyInjectionTestExecutionListener, org.springframework.test.context.support.DirtiesContextTestExecutionListener, org.springframework.test.context.transaction.TransactionalTestExecutionListener, org.springframework.test.context.jdbc.SqlScriptsTestExecutionListener, org.springframework.test.context.event.EventPublishingTestExecutionListener]
19:55:13.468 [Test worker] DEBUG org.springframework.boot.test.context.SpringBootTestContextBootstrapper - Skipping candidate TestExecutionListener [org.springframework.test.context.transaction.TransactionalTestExecutionListener] due to a missing dependency. Specify custom listener classes or make the default listener classes and their required dependencies available. Offending class: [org/springframework/transaction/interceptor/TransactionAttributeSource]
19:55:13.468 [Test worker] DEBUG org.springframework.boot.test.context.SpringBootTestContextBootstrapper - Skipping candidate TestExecutionListener [org.springframework.test.context.jdbc.SqlScriptsTestExecutionListener] due to a missing dependency. Specify custom listener classes or make the default listener classes and their required dependencies available. Offending class: [org/springframework/transaction/interceptor/TransactionAttribute]
19:55:13.469 [Test worker] INFO org.springframework.boot.test.context.SpringBootTestContextBootstrapper - Using TestExecutionListeners: [org.springframework.test.context.web.ServletTestExecutionListener@329a1243, org.springframework.test.context.support.DirtiesContextBeforeModesTestExecutionListener@ecf9fb3, org.springframework.test.context.event.ApplicationEventsTestExecutionListener@2d35442b, org.springframework.boot.test.mock.mockito.MockitoTestExecutionListener@27f9e982, org.springframework.boot.test.autoconfigure.SpringBootDependencyInjectionTestExecutionListener@4593ff34, org.springframework.test.context.support.DirtiesContextTestExecutionListener@37d3d232, org.springframework.test.context.event.EventPublishingTestExecutionListener@30c0ccff, org.springframework.boot.test.autoconfigure.restdocs.RestDocsTestExecutionListener@581d969c, org.springframework.boot.test.autoconfigure.web.client.MockRestServiceServerResetTestExecutionListener@22db8f4, org.springframework.boot.test.autoconfigure.web.servlet.MockMvcPrintOnlyOnFailureTestExecutionListener@2b46a8c1, org.springframework.boot.test.autoconfigure.web.servlet.WebDriverTestExecutionListener@1d572e62, org.springframework.boot.test.autoconfigure.webservices.client.MockWebServiceServerTestExecutionListener@29caf222, org.springframework.boot.test.mock.mockito.ResetMocksTestExecutionListener@46cf05f7]
19:55:13.473 [Test worker] DEBUG org.springframework.test.context.support.AbstractDirtiesContextTestExecutionListener - Before test class: context [DefaultTestContext@3c291aad testClass = SoloTodoAppApplicationTests, testInstance = [null], testMethod = [null], testException = [null], mergedContextConfiguration = [WebMergedContextConfiguration@2d0566ba testClass = SoloTodoAppApplicationTests, locations = '{}', classes = '{class com.codestates.soloTodoApp.SoloTodoAppApplication}', contextInitializerClasses = '[]', activeProfiles = '{}', propertySourceLocations = '{}', propertySourceProperties = '{org.springframework.boot.test.context.SpringBootTestContextBootstrapper=true}', contextCustomizers = set[org.springframework.boot.test.autoconfigure.actuate.metrics.MetricsExportContextCustomizerFactory$DisableMetricExportContextCustomizer@7b8233cd, org.springframework.boot.test.autoconfigure.properties.PropertyMappingContextCustomizer@0, org.springframework.boot.test.autoconfigure.web.servlet.WebDriverContextCustomizerFactory$Customizer@73163d48, org.springframework.boot.test.context.filter.ExcludeFilterContextCustomizer@62f4ff3b, org.springframework.boot.test.json.DuplicateJsonObjectContextCustomizerFactory$DuplicateJsonObjectContextCustomizer@34997338, org.springframework.boot.test.mock.mockito.MockitoContextCustomizer@0, org.springframework.boot.test.web.client.TestRestTemplateContextCustomizer@5b444398, org.springframework.boot.test.context.SpringBootTestArgs@1, org.springframework.boot.test.context.SpringBootTestWebEnvironment@7de62196], resourceBasePath = 'src/main/webapp', contextLoader = 'org.springframework.boot.test.context.SpringBootContextLoader', parent = [null]], attributes = map['org.springframework.test.context.web.ServletTestExecutionListener.activateListener' -> true]], class annotated with @DirtiesContext [false] with mode [null].

  .   ____          _            __ _ _
 /\\ / ___'_ __ _ _(_)_ __  __ _ \ \ \ \
( ( )\___ | '_ | '_| | '_ \/ _` | \ \ \ \
 \\/  ___)| |_)| | | | | || (_| |  ) ) ) )
  '  |____| .__|_| |_|_| |_\__, | / / / /
 =========|_|==============|___/=/_/_/_/
 :: Spring Boot ::                (v2.7.8)

2023-02-14 19:55:13.812  INFO 15008 --- [    Test worker] c.c.s.SoloTodoAppApplicationTests        : Starting SoloTodoAppApplicationTests using Java 11.0.18 on DESKTOP-671P8TS with PID 15008 (started by labe1 in D:\code\solo-todo-app)
2023-02-14 19:55:13.814  INFO 15008 --- [    Test worker] c.c.s.SoloTodoAppApplicationTests        : No active profile set, falling back to 1 default profile: "default"
2023-02-14 19:55:15.142  INFO 15008 --- [    Test worker] c.c.s.SoloTodoAppApplicationTests        : Started SoloTodoAppApplicationTests in 1.636 seconds (JVM running for 2.84)
]]></system-out>
  <system-err><![CDATA[]]></system-err>
</testsuite>
